<?xml version="1.0" encoding="UTF-8"?>
<!-- Generated by org.testng.reporters.JUnitReportReporter -->
<testsuite skipped="0" hostname="Swara" name="com.tutorialsninja.testng.TestNGDemo" tests="2" failures="0" timestamp="2023-04-30T16:08:12 BST" time="0.002" errors="0">
  <testcase name="test2" time="0.000" classname="com.tutorialsninja.testng.TestNGDemo"/>
  <system-out/>
  <testcase name="test1" time="0.002" classname="com.tutorialsninja.testng.TestNGDemo"/>
  <system-out/>
</testsuite> <!-- com.tutorialsninja.testng.TestNGDemo -->
